<?xml version="1.0" encoding="UTF-8"?>
<!-- Generated by org.testng.reporters.JUnitReportReporter -->
<testsuite hostname="LAPTOP-H6EEHRD5" failures="0" tests="1" name="Flipkart.Flipkart.com.Flipkart4" time="23.237" errors="0" timestamp="2022-01-23T21:23:24 IST" skipped="0">
  <testcase classname="Flipkart.Flipkart.com.Flipkart4" name="launchFlipkart" time="23.237"/>
  <system-out/>
</testsuite> <!-- Flipkart.Flipkart.com.Flipkart4 -->
